hp-check[6117]: info: :
hp-check[6117]: info: :[01mHP Linux Imaging and Printing System (ver. 3.14.10)[0m
hp-check[6117]: info: :[01mDependency/Version Check Utility ver. 15.1[0m
hp-check[6117]: info: :
hp-check[6117]: info: :Copyright (c) 2001-13 Hewlett-Packard Development Company, LP
hp-check[6117]: info: :This software comes with ABSOLUTELY NO WARRANTY.
hp-check[6117]: info: :This is free software, and you are welcome to distribute it
hp-check[6117]: info: :under certain conditions. See COPYING file for more details.
hp-check[6117]: info: :
hp-check[6117]: info: :[01mNote: hp-check can be run in three modes:[0m
hp-check[6117]: info: :1. Compile-time check mode (-c or --compile): Use this mode before compiling the HPLIP supplied tarball (.tar.gz or .run) to       
hp-check[6117]: info: :determine if the proper dependencies are installed to successfully compile HPLIP.                                                  
hp-check[6117]: info: :2. Run-time check mode (-r or --run): Use this mode to determine if a distro supplied package (.deb, .rpm, etc) or an already built
hp-check[6117]: info: :HPLIP supplied tarball has the proper dependencies installed to successfully run.                                                  
hp-check[6117]: info: :3. Both compile- and run-time check mode (-b or --both) (Default): This mode will check both of the above cases (both compile- and 
hp-check[6117]: info: :run-time dependencies).                                                                                                            
hp-check[6117]: info: :
hp-check[6117]: info: :Check types:                                                                                                                       
hp-check[6117]: info: :a. EXTERNALDEP - External Dependencies                                                                                             
hp-check[6117]: info: :b. GENERALDEP - General Dependencies (required both at compile and run time)                                                       
hp-check[6117]: info: :c. COMPILEDEP - Compile time Dependencies                                                                                          
hp-check[6117]: info: :d. [All are run-time checks]                                                                                                       
hp-check[6117]: info: :PYEXT SCANCONF QUEUES PERMISSION                                                                                                   
hp-check[6117]: info: :
hp-check[6117]: info: :Status Types:
hp-check[6117]: info: :    OK
hp-check[6117]: info: :    MISSING       - Missing Dependency or Permission or Plug-in
hp-check[6117]: info: :    INCOMPAT      - Incompatible dependency-version or Plugin-version
hp-check[6117]: info: :
hp-check[6117]: info: :
hp-check[6117]: info: :---------------
hp-check[6117]: info: :| SYSTEM INFO |
hp-check[6117]: info: :---------------
hp-check[6117]: info: :
hp-check[6117]: info: : Kernel: 3.13.0-43-generic #72-Ubuntu SMP Mon Dec 8 19:35:06 UTC 2014 GNU/Linux
 Host: pc
 Proc: 3.13.0-43-generic #72-Ubuntu SMP Mon Dec 8 19:35:06 UTC 2014 GNU/Linux
 Distribution: ubuntu 14.04
hp-check[6117]: info: : Bitness: 64 bit

hp-check[6117]: info: :
hp-check[6117]: info: :-----------------------
hp-check[6117]: info: :| HPLIP CONFIGURATION |
hp-check[6117]: info: :-----------------------
hp-check[6117]: info: :
hp-check[6117]: info: :HPLIP-Version: HPLIP 3.14.10
hp-check[6117]: info: :HPLIP-Home: /usr/share/hplip
hp-check[6117]: info: :HPLIP-Installation: Auto installation is supported for ubuntu distro  14.04 version 
hp-check[6117]: info: :
hp-check[6117]: info: :[01mCurrent contents of '/etc/hp/hplip.conf' file:[0m
hp-check[6117]: info: :# hplip.conf.  Generated from hplip.conf.in by configure.

[hplip]
version=3.14.10

[dirs]
home=/usr/share/hplip
run=/var/run
ppd=/usr/share/ppd/HP
ppdbase=/usr/share/ppd
doc=/usr/share/doc/hplip-3.14.10
html=/usr/share/doc/hplip-3.14.10
icon=/usr/share/applications
cupsbackend=/usr/lib/cups/backend
cupsfilter=/usr/lib/cups/filter
drv=/usr/share/cups/drv/hp
bin=/usr/bin

# Following values are determined at configure time and cannot be changed.
[configure]
network-build=yes
libusb01-build=no
pp-build=no
gui-build=yes
scanner-build=yes
fax-build=yes
dbus-build=yes
cups11-build=no
doc-build=yes
shadow-build=no
hpijs-install=no
foomatic-drv-install=no
foomatic-ppd-install=no
foomatic-rip-hplip-install=no
hpcups-install=yes
cups-drv-install=yes
cups-ppd-install=no
internal-tag=3.14.10
restricted-build=no
ui-toolkit=qt4
qt3=no
qt4=yes
policy-kit=no
lite-build=no
udev_sysfs_rules=no
hpcups-only-build=no
hpijs-only-build=no

hp-check[6117]: info: :
hp-check[6117]: info: :[01mCurrent contents of '/var/lib/hp/hplip.state' file:[0m
hp-check[6117]: info: :[plugin]
installed = 1
eula = 1
version = 3.14.10


hp-check[6117]: info: :
hp-check[6117]: info: :[01mCurrent contents of '~/.hplip/hplip.conf' file:[0m
hp-check[6117]: info: :[installation]
date_time = 06/01/15 22:48:42
version = 3.14.10

[upgrade]
notify_upgrade = true
last_upgraded_time = 1420546218
pending_upgrade_time = 0
latest_available_version = 3.14.10

[settings]
systray_visible = 0
systray_messages = 0

[last_used]
device_uri = "hp:/net/HP_LaserJet_Pro_MFP_M126nw?ip=222.195.74.154"
printer_name = 
working_dir = .

[commands]
scan = /usr/bin/xsane -V %SANE_URI%

[refresh]
rate = 30
enable = false
type = 1

[polling]
enable = false
interval = 5
device_list = 

[fax]
voice_phone = 
email_address = 


hp-check[6117]: info: : <Package-name>        <Package-Desc>      <Required/Optional> <Min-Version> <Installed-Version> <Status>   <Comment>
hp-check[6117]: info: :
hp-check[6117]: info: :--------------------------
hp-check[6117]: info: :|  External Dependencies |
hp-check[6117]: info: :--------------------------
hp-check[6117]: info: :
hp-check[6117]: info: : policykit            Admin-Policy-framework    OPTIONAL        -               0.105           OK         -
hp-check[6117]: info: : gs                   Ghostscript               REQUIRED        7.05            9.10            OK         -
hp-check[6117]: info: : network              Network-wget              OPTIONAL        -               1.15            OK         -
hp-check[6117]: info: : scanimage            Shell-Scanning            OPTIONAL        1.0             1.0.23          OK         -
hp-check[6117]: info: : avahi-utils          avahi-utils               OPTIONAL        -               0.6.31          OK         -
hp-check[6117]: info: : dbus                 DBus                      REQUIRED        -               1.6.18          OK         -
hp-check[6117]: info: : cups                 CUPS                      REQUIRED        1.1             1.7.2           OK         'CUPS Scheduler is running'
hp-check[6117]: info: : xsane                SANE-GUI                  OPTIONAL        0.9             0.998           OK         -
hp-check[6117]: info: :
hp-check[6117]: info: :-------------------------
hp-check[6117]: info: :|  General Dependencies |
hp-check[6117]: info: :-------------------------
hp-check[6117]: info: :
hp-check[6117]: info: : reportlab            Python-PDF-Lib            OPTIONAL        2.0             3.0             OK         -
hp-check[6117]: info: : libcrypto            OpenSSL-Crypto-Lib        REQUIRED        -               1.0.1           OK         -
hp-check[6117]: info: : pil                  Python-Image-Lib          OPTIONAL        -               1.1.7           OK         -
hp-check[6117]: info: : pyqt4-dbus           PyQt4-DBUS                REQUIRED        4.0             4.10.4          OK         -
hp-check[6117]: info: : libjpeg              JPEG-Lib                  REQUIRED        -               -               OK         -
hp-check[6117]: info: : libpthread           POSIX-Threads-Lib         REQUIRED        -               2.19            OK         -
hp-check[6117]: info: : python-dbus          Python-DBUS               REQUIRED        0.80.0          1.2.0           OK         -
hp-check[6117]: info: : python-devel         Python-SDK                REQUIRED        2.2             2.7.6           OK         -
hp-check[6117]: info: : pyqt4                Python-Qt4                REQUIRED        4.0             4.10.4          OK         -
hp-check[6117]: info: : cups-devel           CUPS-SDK                  REQUIRED        -               1.7.2           OK         -
hp-check[6117]: info: : sane-devel           SANE-SDK                  REQUIRED        -               1.0.23          OK         -
hp-check[6117]: info: : libusb               USB-Lib                   REQUIRED        -               1.0             OK         -
hp-check[6117]: info: : sane                 Scan-Lib                  REQUIRED        -               1.0.23          OK         -
hp-check[6117]: info: : cups-image           CUPS-Image-Lib            REQUIRED        -               1.7.2           OK         -
hp-check[6117]: info: : libnetsnmp-devel     SNMP-Networking-SDK       REQUIRED        5.0.9           5.7.2           OK         -
hp-check[6117]: info: : python-xml           Python-XML-Lib            REQUIRED        -               2.1.0           OK         -
hp-check[6117]: info: : python-notify        Desktop-notifications     OPTIONAL        -               -               OK         -
hp-check[6117]: info: :
hp-check[6117]: info: :------------------------------
hp-check[6117]: info: :|  Compile Time Dependencies |
hp-check[6117]: info: :------------------------------
hp-check[6117]: info: :
hp-check[6117]: info: : gcc                  gcc-Compiler              REQUIRED        -               4.8.2           OK         -
hp-check[6117]: info: : libtool              Build-tools               REQUIRED        -               2.4.2           OK         -
hp-check[6117]: info: : make                 GNU-Build-tools           REQUIRED        3.0             3.81            OK         -
hp-check[6117]: info: :
hp-check[6117]: info: :----------------------
hp-check[6117]: info: :|  Python Extentions |
hp-check[6117]: info: :----------------------
hp-check[6117]: info: :
hp-check[6117]: info: : cupsext              CUPS-Extension            REQUIRED        -               3.14.10         OK         -
hp-check[6117]: info: : pcardext             PhotoCard-Extension       REQUIRED        -               3.14.10         OK         -
hp-check[6117]: info: : hpmudext             IO-Extension              REQUIRED        -               3.14.10         OK         -
hp-check[6117]: info: :
hp-check[6117]: info: :-----------------------
hp-check[6117]: info: :|  Scan Configuration |
hp-check[6117]: info: :-----------------------
hp-check[6117]: info: :
hp-check[6117]: info: : hpaio                HPLIP-SANE-Backend        REQUIRED        -               3.14.10         OK         'hpaio found in /etc/sane.d/dll.conf'
hp-check[6117]: info: : scanext              Scan-SANE-Extension       REQUIRED        -               3.14.10         OK         -
hp-check[6117]: info: :
hp-check[6117]: info: :------------------------------
hp-check[6117]: info: :| DISCOVERED SCANNER DEVICES |
hp-check[6117]: info: :------------------------------
hp-check[6117]: info: :
hp-check[6117]: info: :device `hpaio:/net/HP_LaserJet_Pro_MFP_M126nw?ip=222.195.74.154' is a Hewlett-Packard HP_LaserJet_Pro_MFP_M126nw all-in-one

hp-check[6117]: info: :
hp-check[6117]: info: :--------------------------
hp-check[6117]: info: :| DISCOVERED USB DEVICES |
hp-check[6117]: info: :--------------------------
hp-check[6117]: info: :
hp-check[6117]: info: :No devices found.
hp-check[6117]: info: :
hp-check[6117]: info: :---------------------------------
hp-check[6117]: info: :| INSTALLED CUPS PRINTER QUEUES |
hp-check[6117]: info: :---------------------------------
hp-check[6117]: info: :
hp-check[6117]: info: :
hp-check[6117]: info: :[01mHP_LaserJet_Pro_MFP_M126nw[0m
hp-check[6117]: info: :[01m--------------------------[0m
hp-check[6117]: info: :Type: Printer
hp-check[6117]: info: :Device URI: hp:/net/HP_LaserJet_Pro_MFP_M126nw?ip=222.195.74.154
hp-check[6117]: info: :PPD: /etc/cups/ppd/HP_LaserJet_Pro_MFP_M126nw.ppd
hp-check[6117]: info: :PPD Description: HP LaserJet Pro MFP m126nw, hpcups 3.14.10, requires proprietary plugin
hp-check[6117]: info: :Printer status: printer HP_LaserJet_Pro_MFP_M126nw is idle.  enabled since Tue 06 Jan 2015 21:08:31 CST	Rendering completed
hp-check[6117]: info: :Required plug-in status: Installed
error: Communication status: Failed
hp-check[6117]: info: :
hp-check[6117]: info: :
hp-check[6117]: info: :--------------
hp-check[6117]: info: :| PERMISSION |
hp-check[6117]: info: :--------------
hp-check[6117]: info: :
hp-check[6117]: info: :
hp-check[6117]: info: :-----------
hp-check[6117]: info: :| SUMMARY |
hp-check[6117]: info: :-----------
hp-check[6117]: info: :
hp-check[6117]: info: :[01mMissing Required Dependencies[0m
hp-check[6117]: info: :[01m-----------------------------[0m
hp-check[6117]: info: :None
hp-check[6117]: info: :
hp-check[6117]: info: :[01mMissing Optional Dependencies[0m
hp-check[6117]: info: :[01m-----------------------------[0m
hp-check[6117]: info: :None

hp-check[6117]: info: :
hp-check[6117]: info: :Total Errors: 1
hp-check[6117]: info: :Total Warnings: 0
hp-check[6117]: info: :
hp-check[6117]: info: :
hp-check[6117]: info: :Done.
